<?xml version="1.0" encoding="UTF-8"?>
<testsuite xmlns:xsi="http://www.w3.org/2001/XMLSchema-instance" xsi:noNamespaceSchemaLocation="https://maven.apache.org/surefire/maven-surefire-plugin/xsd/surefire-test-report-3.0.xsd" version="3.0" name="examples.ExamplesTest" time="3.857" tests="1" errors="0" skipped="0" failures="0">
  <properties>
[...]
</properties>
  <testcase name="testParallel" classname="examples.ExamplesTest" time="3.837">
    <system-out><![CDATA[11:44:42.893 [main] DEBUG com.intuit.karate.Suite - [config] classpath:karate-config.js
11:44:42.901 [main] DEBUG com.intuit.karate.Suite - waiting for 3 features to complete
11:44:43.977 [pool-2-thread-4] INFO  com.intuit.karate - karate.env system property was: null 
11:44:43.977 [pool-2-thread-5] INFO  com.intuit.karate - karate.env system property was: null 
11:44:43.978 [pool-2-thread-2] INFO  com.intuit.karate - karate.env system property was: null 
11:44:43.978 [pool-2-thread-1] INFO  com.intuit.karate - karate.env system property was: null 
11:44:43.978 [pool-2-thread-3] INFO  com.intuit.karate - karate.env system property was: null 
11:44:44.412 [pool-2-thread-4] DEBUG com.intuit.karate - request:
1 > GET https://reqres.in/api/users?page=2
1 > X-Api-Key: reqres-free-v1
1 > Host: reqres.in
1 > Connection: Keep-Alive
1 > User-Agent: Apache-HttpClient/4.5.14 (Java/17.0.4.1)
1 > Accept-Encoding: gzip,deflate


11:44:44.412 [pool-2-thread-5] DEBUG com.intuit.karate - request:
1 > PUT https://reqres.in/api/users/2
1 > X-Api-Key: reqres-free-v1
1 > Host: reqres.in
1 > Connection: Keep-Alive
1 > User-Agent: Apache-HttpClient/4.5.14 (Java/17.0.4.1)
1 > Accept-Encoding: gzip,deflate


11:44:44.412 [pool-2-thread-1] DEBUG com.intuit.karate - request:
1 > GET https://reqres.in/api/unknown
1 > X-Api-Key: reqres-free-v1
1 > Host: reqres.in
1 > Connection: Keep-Alive
1 > User-Agent: Apache-HttpClient/4.5.14 (Java/17.0.4.1)
1 > Accept-Encoding: gzip,deflate


11:44:44.412 [pool-2-thread-3] DEBUG com.intuit.karate - request:
1 > POST https://reqres.in/api/login
1 > X-Api-Key: reqres-free-v1
1 > Content-Type: application/json; charset=UTF-8
1 > Content-Length: 24
1 > Host: reqres.in
1 > Connection: Keep-Alive
1 > User-Agent: Apache-HttpClient/4.5.14 (Java/17.0.4.1)
1 > Accept-Encoding: gzip,deflate
{"email":"peter@klaven"}

11:44:44.412 [pool-2-thread-2] DEBUG com.intuit.karate - request:
1 > POST https://reqres.in/api/login
1 > X-Api-Key: reqres-free-v1
1 > Content-Type: application/json; charset=UTF-8
1 > Content-Length: 54
1 > Host: reqres.in
1 > Connection: Keep-Alive
1 > User-Agent: Apache-HttpClient/4.5.14 (Java/17.0.4.1)
1 > Accept-Encoding: gzip,deflate
{"email":"eve.holt@reqres.in","password":"cityslicka"}

11:44:44.955 [pool-2-thread-1] DEBUG com.intuit.karate - response time in milliseconds: 539
1 < 200
1 < Date: Tue, 08 Jul 2025 16:44:43 GMT
1 < Content-Type: application/json; charset=utf-8
1 < Transfer-Encoding: chunked
1 < Connection: keep-alive
1 < Report-To: {"group":"heroku-nel","max_age":3600,"endpoints":[{"url":"https://nel.heroku.com/reports?ts=1751986883&sid=c4c9725f-1ab0-44d8-820f-430df2718e11&s=4LZNjmkhD11RGLWd6IfVpSM3SWTVGUzz9sQgaqsCoJA%3D"}]}
1 < Reporting-Endpoints: heroku-nel=https://nel.heroku.com/reports?ts=1751986883&sid=c4c9725f-1ab0-44d8-820f-430df2718e11&s=4LZNjmkhD11RGLWd6IfVpSM3SWTVGUzz9sQgaqsCoJA%3D
1 < Nel: {"report_to":"heroku-nel","max_age":3600,"success_fraction":0.005,"failure_fraction":0.05,"response_headers":["Via"]}
1 < Access-Control-Allow-Origin: *
1 < X-Request-Id: 1afd027b-8a9e-44a0-b0e3-af0470835092
1 < X-Content-Type-Options: nosniff
1 < X-Frame-Options: DENY
1 < X-Xss-Protection: 1; mode=block
1 < Referrer-Policy: strict-origin-when-cross-origin
1 < Ratelimit-Policy: 100;w=60
1 < Ratelimit-Limit: 100
1 < Ratelimit-Remaining: 98
1 < Ratelimit-Reset: 60
1 < Etag: W/"2fb-zJ/iiAzm4zf7SruyfEtNo0xEDoY"
1 < Via: 1.1 vegur
1 < Cache-Control: max-age=14400
1 < CF-Cache-Status: HIT
1 < Age: 6200
1 < Vary: Accept-Encoding
1 < Server: cloudflare
1 < CF-RAY: 95c10c44da4ba4d9-MIA
1 < server-timing: cfL4;desc="?proto=TCP&rtt=85649&min_rtt=80131&rtt_var=32207&sent=7&recv=7&lost=0&retrans=0&sent_bytes=3106&recv_bytes=786&delivery_rate=35670&cwnd=252&unsent_bytes=0&cid=8fe196b9236cb729&ts=239&x=0"
{"page":1,"per_page":6,"total":12,"total_pages":2,"data":[{"id":1,"name":"cerulean","year":2000,"color":"#98B2D1","pantone_value":"15-4020"},{"id":2,"name":"fuchsia rose","year":2001,"color":"#C74375","pantone_value":"17-2031"},{"id":3,"name":"true red","year":2002,"color":"#BF1932","pantone_value":"19-1664"},{"id":4,"name":"aqua sky","year":2003,"color":"#7BC4C4","pantone_value":"14-4811"},{"id":5,"name":"tigerlily","year":2004,"color":"#E2583E","pantone_value":"17-1456"},{"id":6,"name":"blue turquoise","year":2005,"color":"#53B0AE","pantone_value":"15-5217"}],"support":{"url":"https://contentcaddy.io?utm_source=reqres&utm_medium=json&utm_campaign=referral","text":"Tired of writing endless social media content? Let Content Caddy generate it for you."}}

11:44:44.955 [pool-2-thread-4] DEBUG com.intuit.karate - response time in milliseconds: 539
1 < 200
1 < Date: Tue, 08 Jul 2025 16:44:43 GMT
1 < Content-Type: application/json; charset=utf-8
1 < Transfer-Encoding: chunked
1 < Connection: keep-alive
1 < Report-To: {"group":"heroku-nel","max_age":3600,"endpoints":[{"url":"https://nel.heroku.com/reports?ts=1751975690&sid=c4c9725f-1ab0-44d8-820f-430df2718e11&s=8HZT95QkLIEfhAPfemBWx8DQkLUIDg3aXsotyo%2FUXhU%3D"}]}
1 < Reporting-Endpoints: heroku-nel=https://nel.heroku.com/reports?ts=1751975690&sid=c4c9725f-1ab0-44d8-820f-430df2718e11&s=8HZT95QkLIEfhAPfemBWx8DQkLUIDg3aXsotyo%2FUXhU%3D
1 < Nel: {"report_to":"heroku-nel","max_age":3600,"success_fraction":0.005,"failure_fraction":0.05,"response_headers":["Via"]}
1 < Access-Control-Allow-Origin: *
1 < X-Request-Id: 1aa85e4c-7c2a-4816-ab81-d30f0454e794
1 < X-Content-Type-Options: nosniff
1 < X-Frame-Options: DENY
1 < X-Xss-Protection: 1; mode=block
1 < Referrer-Policy: strict-origin-when-cross-origin
1 < Ratelimit-Policy: 100;w=60
1 < Ratelimit-Limit: 100
1 < Ratelimit-Remaining: 98
1 < Ratelimit-Reset: 60
1 < Etag: W/"440-ZjsmMKR8P3usr2uJZbOCGCxC3Uw"
1 < Via: 1.1 vegur
1 < Cache-Control: max-age=14400
1 < CF-Cache-Status: HIT
1 < Age: 1292
1 < Vary: Accept-Encoding
1 < Server: cloudflare
1 < CF-RAY: 95c10c44d8467525-MIA
1 < server-timing: cfL4;desc="?proto=TCP&rtt=91872&min_rtt=80224&rtt_var=34286&sent=7&recv=7&lost=0&retrans=0&sent_bytes=3106&recv_bytes=791&delivery_rate=35568&cwnd=252&unsent_bytes=0&cid=bb13f725bee7e879&ts=237&x=0"
{"page":2,"per_page":6,"total":12,"total_pages":2,"data":[{"id":7,"email":"michael.lawson@reqres.in","first_name":"Michael","last_name":"Lawson","avatar":"https://reqres.in/img/faces/7-image.jpg"},{"id":8,"email":"lindsay.ferguson@reqres.in","first_name":"Lindsay","last_name":"Ferguson","avatar":"https://reqres.in/img/faces/8-image.jpg"},{"id":9,"email":"tobias.funke@reqres.in","first_name":"Tobias","last_name":"Funke","avatar":"https://reqres.in/img/faces/9-image.jpg"},{"id":10,"email":"byron.fields@reqres.in","first_name":"Byron","last_name":"Fields","avatar":"https://reqres.in/img/faces/10-image.jpg"},{"id":11,"email":"george.edwards@reqres.in","first_name":"George","last_name":"Edwards","avatar":"https://reqres.in/img/faces/11-image.jpg"},{"id":12,"email":"rachel.howell@reqres.in","first_name":"Rachel","last_name":"Howell","avatar":"https://reqres.in/img/faces/12-image.jpg"}],"support":{"url":"https://contentcaddy.io?utm_source=reqres&utm_medium=json&utm_campaign=referral","text":"Tired of writing endless social media content? Let Content Caddy generate it for you."}}

11:44:44.975 [pool-2-thread-4] DEBUG com.intuit.karate - request:
2 > GET https://reqres.in/api/users/7
2 > X-Api-Key: reqres-free-v1
2 > Host: reqres.in
2 > Connection: Keep-Alive
2 > User-Agent: Apache-HttpClient/4.5.14 (Java/17.0.4.1)
2 > Accept-Encoding: gzip,deflate


11:44:44.991 [pool-2-thread-1] INFO  com.intuit.karate - karate.env system property was: null 
11:44:45.001 [pool-2-thread-1] DEBUG com.intuit.karate - request:
1 > DELETE https://reqres.in/api/users/2
1 > X-Api-Key: reqres-free-v1
1 > Host: reqres.in
1 > Connection: Keep-Alive
1 > User-Agent: Apache-HttpClient/4.5.14 (Java/17.0.4.1)
1 > Accept-Encoding: gzip,deflate


11:44:45.145 [pool-2-thread-5] DEBUG com.intuit.karate - response time in milliseconds: 731
1 < 200
1 < Date: Tue, 08 Jul 2025 16:44:43 GMT
1 < Content-Type: application/json; charset=utf-8
1 < Content-Length: 40
1 < Connection: keep-alive
1 < CF-RAY: 95c10c44d970b7d3-MIA
1 < Report-To: {"group":"heroku-nel","max_age":3600,"endpoints":[{"url":"https://nel.heroku.com/reports?ts=1751993083&sid=c4c9725f-1ab0-44d8-820f-430df2718e11&s=veEyNDDHhxvJJs2aTyq0H2ddAsjkUAD5BGYKZRmP9xI%3D"}]}
1 < Reporting-Endpoints: heroku-nel=https://nel.heroku.com/reports?ts=1751993083&sid=c4c9725f-1ab0-44d8-820f-430df2718e11&s=veEyNDDHhxvJJs2aTyq0H2ddAsjkUAD5BGYKZRmP9xI%3D
1 < Nel: {"report_to":"heroku-nel","max_age":3600,"success_fraction":0.005,"failure_fraction":0.05,"response_headers":["Via"]}
1 < Access-Control-Allow-Origin: *
1 < X-Request-Id: 905fa77f-e65b-4a20-9247-fa4e5235cffa
1 < X-Content-Type-Options: nosniff
1 < X-Frame-Options: DENY
1 < X-Xss-Protection: 1; mode=block
1 < Referrer-Policy: strict-origin-when-cross-origin
1 < Ratelimit-Policy: 100;w=60
1 < Ratelimit-Limit: 100
1 < Ratelimit-Remaining: 98
1 < Ratelimit-Reset: 60
1 < Etag: W/"28-7LxIHXlNXX9BnY+3ZnumSOBkpHo"
1 < Via: 1.1 vegur
1 < CF-Cache-Status: DYNAMIC
1 < Vary: Accept-Encoding
1 < Server: cloudflare
1 < server-timing: cfL4;desc="?proto=TCP&rtt=85764&min_rtt=80578&rtt_var=32163&sent=7&recv=7&lost=0&retrans=0&sent_bytes=3105&recv_bytes=786&delivery_rate=35623&cwnd=253&unsent_bytes=0&cid=df9dfda83808a10b&ts=437&x=0"
{"updatedAt":"2025-07-08T16:44:43.837Z"}

11:44:45.157 [pool-2-thread-2] DEBUG com.intuit.karate - response time in milliseconds: 743
1 < 200
1 < Date: Tue, 08 Jul 2025 16:44:43 GMT
1 < Content-Type: application/json; charset=utf-8
1 < Content-Length: 29
1 < Connection: keep-alive
1 < CF-RAY: 95c10c450f62da23-MIA
1 < Report-To: {"group":"heroku-nel","max_age":3600,"endpoints":[{"url":"https://nel.heroku.com/reports?ts=1751993083&sid=c4c9725f-1ab0-44d8-820f-430df2718e11&s=veEyNDDHhxvJJs2aTyq0H2ddAsjkUAD5BGYKZRmP9xI%3D"}]}
1 < Reporting-Endpoints: heroku-nel=https://nel.heroku.com/reports?ts=1751993083&sid=c4c9725f-1ab0-44d8-820f-430df2718e11&s=veEyNDDHhxvJJs2aTyq0H2ddAsjkUAD5BGYKZRmP9xI%3D
1 < Nel: {"report_to":"heroku-nel","max_age":3600,"success_fraction":0.005,"failure_fraction":0.05,"response_headers":["Via"]}
1 < Access-Control-Allow-Origin: *
1 < X-Request-Id: 3509356d-5e7b-4a4d-9764-d53307195052
1 < X-Content-Type-Options: nosniff
1 < X-Frame-Options: DENY
1 < X-Xss-Protection: 1; mode=block
1 < Referrer-Policy: strict-origin-when-cross-origin
1 < Ratelimit-Policy: 100;w=60
1 < Ratelimit-Limit: 100
1 < Ratelimit-Remaining: 96
1 < Ratelimit-Reset: 60
1 < Etag: W/"1d-lGCrvD6B7Qzk11+2C98+nGhhuec"
1 < Via: 1.1 vegur
1 < cf-cache-status: DYNAMIC
1 < Server: cloudflare
1 < server-timing: cfL4;desc="?proto=TCP&rtt=109821&min_rtt=106374&rtt_var=33500&sent=7&recv=7&lost=0&retrans=0&sent_bytes=3107&recv_bytes=906&delivery_rate=35558&cwnd=252&unsent_bytes=0&cid=2f0b891139525fec&ts=422&x=0"
{"token":"QpwL5tke4Pnpja7X4"}

11:44:45.180 [pool-2-thread-3] DEBUG com.intuit.karate - response time in milliseconds: 767
1 < 400
1 < Date: Tue, 08 Jul 2025 16:44:43 GMT
1 < Content-Type: application/json; charset=utf-8
1 < Content-Length: 28
1 < Connection: keep-alive
1 < CF-RAY: 95c10c44db44a4c1-MIA
1 < Report-To: {"group":"heroku-nel","max_age":3600,"endpoints":[{"url":"https://nel.heroku.com/reports?ts=1751993083&sid=c4c9725f-1ab0-44d8-820f-430df2718e11&s=veEyNDDHhxvJJs2aTyq0H2ddAsjkUAD5BGYKZRmP9xI%3D"}]}
1 < Reporting-Endpoints: heroku-nel=https://nel.heroku.com/reports?ts=1751993083&sid=c4c9725f-1ab0-44d8-820f-430df2718e11&s=veEyNDDHhxvJJs2aTyq0H2ddAsjkUAD5BGYKZRmP9xI%3D
1 < Nel: {"report_to":"heroku-nel","max_age":3600,"success_fraction":0.005,"failure_fraction":0.05,"response_headers":["Via"]}
1 < Access-Control-Allow-Origin: *
1 < X-Request-Id: b204306b-bc6a-4ff8-9ab2-6b0b13ded561
1 < X-Content-Type-Options: nosniff
1 < X-Frame-Options: DENY
1 < X-Xss-Protection: 1; mode=block
1 < Referrer-Policy: strict-origin-when-cross-origin
1 < Ratelimit-Policy: 100;w=60
1 < Ratelimit-Limit: 100
1 < Ratelimit-Remaining: 94
1 < Ratelimit-Reset: 60
1 < Etag: W/"1c-NmpazMScs9tOqR7eDEesn+pqC9Q"
1 < Via: 1.1 vegur
1 < cf-cache-status: DYNAMIC
1 < Server: cloudflare
1 < server-timing: cfL4;desc="?proto=TCP&rtt=91729&min_rtt=79530&rtt_var=34198&sent=7&recv=7&lost=0&retrans=0&sent_bytes=3106&recv_bytes=876&delivery_rate=35884&cwnd=252&unsent_bytes=0&cid=7dd554ad92b96ccb&ts=469&x=0"
{"error":"Missing password"}

11:44:45.254 [pool-2-thread-4] DEBUG com.intuit.karate - response time in milliseconds: 278
2 < 200
2 < Date: Tue, 08 Jul 2025 16:44:43 GMT
2 < Content-Type: application/json; charset=utf-8
2 < Transfer-Encoding: chunked
2 < Connection: keep-alive
2 < Report-To: {"group":"heroku-nel","max_age":3600,"endpoints":[{"url":"https://nel.heroku.com/reports?ts=1751990993&sid=c4c9725f-1ab0-44d8-820f-430df2718e11&s=JzrscphUTR5yw784fTxTgq8wjj3leti9WUDAT2LvD4Q%3D"}]}
2 < Reporting-Endpoints: heroku-nel=https://nel.heroku.com/reports?ts=1751990993&sid=c4c9725f-1ab0-44d8-820f-430df2718e11&s=JzrscphUTR5yw784fTxTgq8wjj3leti9WUDAT2LvD4Q%3D
2 < Nel: {"report_to":"heroku-nel","max_age":3600,"success_fraction":0.005,"failure_fraction":0.05,"response_headers":["Via"]}
2 < Access-Control-Allow-Origin: *
2 < X-Request-Id: dc83cb17-3cbb-4fdc-ae3f-77b5224349d7
2 < X-Content-Type-Options: nosniff
2 < X-Frame-Options: DENY
2 < X-Xss-Protection: 1; mode=block
2 < Referrer-Policy: strict-origin-when-cross-origin
2 < Ratelimit-Policy: 100;w=60
2 < Ratelimit-Limit: 100
2 < Ratelimit-Remaining: 95
2 < Ratelimit-Reset: 27
2 < Etag: W/"156-oMlgkyEs6eb1/fskSNkbJSKBTI8"
2 < Via: 1.1 vegur
2 < Age: 2090
2 < Cache-Control: max-age=14400
2 < cf-cache-status: HIT
2 < Vary: Accept-Encoding
2 < Server: cloudflare
2 < CF-RAY: 95c10c46d9c78db8-MIA
2 < server-timing: cfL4;desc="?proto=TCP&rtt=84430&min_rtt=81731&rtt_var=32577&sent=3&recv=5&lost=0&retrans=0&sent_bytes=187&recv_bytes=1195&delivery_rate=17129&cwnd=248&unsent_bytes=0&cid=e7dba17336383226&ts=103&x=0"
{"data":{"id":7,"email":"michael.lawson@reqres.in","first_name":"Michael","last_name":"Lawson","avatar":"https://reqres.in/img/faces/7-image.jpg"},"support":{"url":"https://contentcaddy.io?utm_source=reqres&utm_medium=json&utm_campaign=referral","text":"Tired of writing endless social media content? Let Content Caddy generate it for you."}}

11:44:45.472 [pool-2-thread-1] DEBUG com.intuit.karate - response time in milliseconds: 469
1 < 204
1 < Date: Tue, 08 Jul 2025 16:44:44 GMT
1 < Connection: keep-alive
1 < CF-RAY: 95c10c4719714f21-MIA
1 < Report-To: {"group":"heroku-nel","max_age":3600,"endpoints":[{"url":"https://nel.heroku.com/reports?ts=1751993084&sid=c4c9725f-1ab0-44d8-820f-430df2718e11&s=lWDxHlXNSllmFTMDI8%2F6Y%2FYuVFr3W%2BnFjG7%2BzerSc9w%3D"}]}
1 < Reporting-Endpoints: heroku-nel=https://nel.heroku.com/reports?ts=1751993084&sid=c4c9725f-1ab0-44d8-820f-430df2718e11&s=lWDxHlXNSllmFTMDI8%2F6Y%2FYuVFr3W%2BnFjG7%2BzerSc9w%3D
1 < Nel: {"report_to":"heroku-nel","max_age":3600,"success_fraction":0.005,"failure_fraction":0.05,"response_headers":["Via"]}
1 < Access-Control-Allow-Origin: *
1 < X-Request-Id: f8bee109-9220-4639-a7da-43a95a70ee7b
1 < X-Content-Type-Options: nosniff
1 < X-Frame-Options: DENY
1 < X-Xss-Protection: 1; mode=block
1 < Referrer-Policy: strict-origin-when-cross-origin
1 < Ratelimit-Policy: 100;w=60
1 < Ratelimit-Limit: 100
1 < Ratelimit-Remaining: 92
1 < Ratelimit-Reset: 60
1 < Etag: W/"2-vyGp6PvFo4RvsFtPoIWeCReyIC8"
1 < Via: 1.1 vegur
1 < cf-cache-status: DYNAMIC
1 < Server: cloudflare
1 < server-timing: cfL4;desc="?proto=TCP&rtt=83475&min_rtt=81716&rtt_var=26088&sent=6&recv=7&lost=0&retrans=0&sent_bytes=3107&recv_bytes=789&delivery_rate=46670&cwnd=252&unsent_bytes=0&cid=5618bdc6e522805e&ts=301&x=0"


---------------------------------------------------------
feature: classpath:examples/get_resource/getResourceReqresIn.feature
scenarios:  1 | passed:  1 | failed:  0 | time: 0,9581
---------------------------------------------------------

11:44:45.521 [pool-3-thread-1] INFO  com.intuit.karate.Suite - <<pass>> feature 1 of 3 (2 remaining) classpath:examples/get_resource/getResourceReqresIn.feature
---------------------------------------------------------
feature: classpath:examples/login/loginInReqresIn.feature
scenarios:  2 | passed:  2 | failed:  0 | time: 2,2924
---------------------------------------------------------

11:44:45.597 [pool-3-thread-1] INFO  com.intuit.karate.Suite - <<pass>> feature 2 of 3 (1 remaining) classpath:examples/login/loginInReqresIn.feature
---------------------------------------------------------
feature: classpath:examples/users/usersReqresIn.feature
scenarios:  3 | passed:  3 | failed:  0 | time: 2,8328
---------------------------------------------------------

11:44:45.689 [pool-3-thread-1] INFO  com.intuit.karate.Suite - <<pass>> feature 3 of 3 (0 remaining) classpath:examples/users/usersReqresIn.feature
Karate version: 1.5.0
======================================================
elapsed:   3,39 | threads:    5 | thread time: 6,08 
features:     3 | skipped:    0 | efficiency: 0,36
scenarios:    6 | passed:     6 | failed: 0
======================================================

HTML report: (paste into browser to view) | Karate version: 1.5.0
file:///D:/portafolio/karate-demo/target/karate-reports/karate-summary.html
===================================================================

]]></system-out>
  </testcase>
</testsuite>